[31m>> [39mMocha exploded!
[31m>> [39mC:\Users\Arya\theAngularApps\tests\testrunner.html:1[31m
>> [39m(function (exports, require, module, __filename, __dirname) { <html>[31m
>> [39m                                                              ^[31m
>> [39mSyntaxError: Unexpected token <[31m
>> [39m  at Object.exports.runInThisContext (vm.js:76:16)[31m
>> [39m  at Module._compile (module.js:528:28)[31m
>> [39m  at Object.Module._extensions..js (module.js:565:10)[31m
>> [39m  at Module.load (C:\Users\Arya\theAngularApps\node_modules\coffee-script\lib\coffee-script\register.js:45:36)[31m
>> [39m  at tryModuleLoad (module.js:432:12)[31m
>> [39m  at Function.Module._load (module.js:424:3)[31m
>> [39m  at Module.require (module.js:483:17)[31m
>> [39m  at require (internal/module.js:20:19)[31m
>> [39m  at C:\Users\Arya\theAngularApps\node_modules\mocha\lib\mocha.js:220:27[31m
>> [39m  at Array.forEach (native)[31m
>> [39m  at Mocha.loadFiles (C:\Users\Arya\theAngularApps\node_modules\mocha\lib\mocha.js:217:14)[31m
>> [39m  at Mocha.run (C:\Users\Arya\theAngularApps\node_modules\mocha\lib\mocha.js:485:10)[31m
>> [39m  at MochaWrapper.run (C:\Users\Arya\theAngularApps\node_modules\grunt-mocha-test\tasks\lib\MochaWrapper.js:44:13)[31m
>> [39m  at C:\Users\Arya\theAngularApps\node_modules\grunt-mocha-test\tasks\mocha-test.js:84:20[31m
>> [39m  at capture (C:\Users\Arya\theAngularApps\node_modules\grunt-mocha-test\tasks\mocha-test.js:31:5)[31m
>> [39m  at Object.<anonymous> (C:\Users\Arya\theAngularApps\node_modules\grunt-mocha-test\tasks\mocha-test.js:79:5)[31m
>> [39m  at Object.<anonymous> (C:\Users\Arya\theAngularApps\node_modules\grunt\lib\grunt\task.js:255:15)[31m
>> [39m  at Object.thisTask.fn (C:\Users\Arya\theAngularApps\node_modules\grunt\lib\grunt\task.js:73:16)[31m
>> [39m  at Object.<anonymous> (C:\Users\Arya\theAngularApps\node_modules\grunt\lib\util\task.js:294:30)[31m
>> [39m  at Task.runTaskFn (C:\Users\Arya\theAngularApps\node_modules\grunt\lib\util\task.js:244:24)[31m
>> [39m  at Task.<anonymous> (C:\Users\Arya\theAngularApps\node_modules\grunt\lib\util\task.js:293:12)[31m
>> [39m  at C:\Users\Arya\theAngularApps\node_modules\grunt\lib\util\task.js:220:11[31m
>> [39m  at _combinedTickCallback (internal/process/next_tick.js:67:7)[31m
>> [39m  at process._tickDomainCallback (internal/process/next_tick.js:122:9)[31m
>> [39m  at Module.runMain (module.js:592:11)[31m
>> [39m  at run (bootstrap_node.js:394:7)[31m
>> [39m  at startup (bootstrap_node.js:149:9)[31m
>> [39m  at bootstrap_node.js:509:3
